<?xml version="1.0" encoding="UTF-8"?>
<testsuite xmlns:xsi="http://www.w3.org/2001/XMLSchema-instance" xsi:noNamespaceSchemaLocation="https://maven.apache.org/surefire/maven-surefire-plugin/xsd/surefire-test-report.xsd" version="3.0.2" name="com.example.pcm.PcmApplicationTests" time="1.771" tests="1" errors="0" skipped="0" failures="0">
  <properties>
[...]
</properties>
  <testcase name="contextLoads" classname="com.example.pcm.PcmApplicationTests" time="0.484">
    <system-out><![CDATA[15:46:56.031 [main] INFO org.springframework.test.context.support.AnnotationConfigContextLoaderUtils -- Could not detect default configuration classes for test class [com.example.pcm.PcmApplicationTests]: PcmApplicationTests does not declare any static, non-private, non-final, nested classes annotated with @Configuration.
15:46:56.115 [main] INFO org.springframework.boot.test.context.SpringBootTestContextBootstrapper -- Found @SpringBootConfiguration com.example.pcm.PcmApplication for test class com.example.pcm.PcmApplicationTests

  .   ____          _            __ _ _
 /\\ / ___'_ __ _ _(_)_ __  __ _ \ \ \ \
( ( )\___ | '_ | '_| | '_ \/ _` | \ \ \ \
 \\/  ___)| |_)| | | | | || (_| |  ) ) ) )
  '  |____| .__|_| |_|_| |_\__, | / / / /
 =========|_|==============|___/=/_/_/_/

 :: Spring Boot ::                (v4.0.1)

2026-01-24T15:46:56.410+05:30  INFO 4240 --- [pcm] [           main] com.example.pcm.PcmApplicationTests      : Starting PcmApplicationTests using Java 21.0.8 with PID 4240 (started by hibal in C:\Users\hibal\Downloads\pcm)
2026-01-24T15:46:56.412+05:30  INFO 4240 --- [pcm] [           main] com.example.pcm.PcmApplicationTests      : No active profile set, falling back to 1 default profile: "default"
2026-01-24T15:46:56.921+05:30  INFO 4240 --- [pcm] [           main] o.s.b.w.a.WelcomePageHandlerMapping      : Adding welcome page: class path resource [static/index.html]
2026-01-24T15:46:57.143+05:30  INFO 4240 --- [pcm] [           main] com.example.pcm.PcmApplicationTests      : Started PcmApplicationTests in 0.921 seconds (process running for 1.808)
]]></system-out>
    <system-err><![CDATA[Mockito is currently self-attaching to enable the inline-mock-maker. This will no longer work in future releases of the JDK. Please add Mockito as an agent to your build as described in Mockito's documentation: https://javadoc.io/doc/org.mockito/mockito-core/latest/org.mockito/org/mockito/Mockito.html#0.3
WARNING: A Java agent has been loaded dynamically (C:\Users\hibal\.m2\repository\net\bytebuddy\byte-buddy-agent\1.17.8\byte-buddy-agent-1.17.8.jar)
WARNING: If a serviceability tool is in use, please run with -XX:+EnableDynamicAgentLoading to hide this warning
WARNING: If a serviceability tool is not in use, please run with -Djdk.instrument.traceUsage for more information
WARNING: Dynamic loading of agents will be disallowed by default in a future release
]]></system-err>
  </testcase>
</testsuite>